nohup: ignoring input
INFO:     Will watch for changes in these directories: ['/home/kris/healthass']
INFO:     Uvicorn running on http://0.0.0.0:8999 (Press CTRL+C to quit)
INFO:     Started reloader process [3694629] using WatchFiles
INFO:     Started server process [3694631]
INFO:     Waiting for application startup.
INFO:     Application startup complete.
INFO:     192.168.88.15:64113 - "POST /checkin HTTP/1.1" 500 Internal Server Error
ERROR:    Exception in ASGI application
Traceback (most recent call last):
  File "/home/kris/healthass/venv/lib/python3.13/site-packages/uvicorn/protocols/http/httptools_impl.py", line 416, in run_asgi
    result = await app(  # type: ignore[func-returns-value]
             ^^^^^^^^^^^^^^^^^^^^^^^^^^^^^^^^^^^^^^^^^^^^^^
        self.scope, self.receive, self.send
        ^^^^^^^^^^^^^^^^^^^^^^^^^^^^^^^^^^^
    )
    ^
  File "/home/kris/healthass/venv/lib/python3.13/site-packages/uvicorn/middleware/proxy_headers.py", line 60, in __call__
    return await self.app(scope, receive, send)
           ^^^^^^^^^^^^^^^^^^^^^^^^^^^^^^^^^^^^
  File "/home/kris/healthass/venv/lib/python3.13/site-packages/fastapi/applications.py", line 1135, in __call__
    await super().__call__(scope, receive, send)
  File "/home/kris/healthass/venv/lib/python3.13/site-packages/starlette/applications.py", line 107, in __call__
    await self.middleware_stack(scope, receive, send)
  File "/home/kris/healthass/venv/lib/python3.13/site-packages/starlette/middleware/errors.py", line 186, in __call__
    raise exc
  File "/home/kris/healthass/venv/lib/python3.13/site-packages/starlette/middleware/errors.py", line 164, in __call__
    await self.app(scope, receive, _send)
  File "/home/kris/healthass/venv/lib/python3.13/site-packages/starlette/middleware/exceptions.py", line 63, in __call__
    await wrap_app_handling_exceptions(self.app, conn)(scope, receive, send)
  File "/home/kris/healthass/venv/lib/python3.13/site-packages/starlette/_exception_handler.py", line 53, in wrapped_app
    raise exc
  File "/home/kris/healthass/venv/lib/python3.13/site-packages/starlette/_exception_handler.py", line 42, in wrapped_app
    await app(scope, receive, sender)
  File "/home/kris/healthass/venv/lib/python3.13/site-packages/fastapi/middleware/asyncexitstack.py", line 18, in __call__
    await self.app(scope, receive, send)
  File "/home/kris/healthass/venv/lib/python3.13/site-packages/starlette/routing.py", line 716, in __call__
    await self.middleware_stack(scope, receive, send)
  File "/home/kris/healthass/venv/lib/python3.13/site-packages/starlette/routing.py", line 736, in app
    await route.handle(scope, receive, send)
  File "/home/kris/healthass/venv/lib/python3.13/site-packages/starlette/routing.py", line 290, in handle
    await self.app(scope, receive, send)
  File "/home/kris/healthass/venv/lib/python3.13/site-packages/fastapi/routing.py", line 115, in app
    await wrap_app_handling_exceptions(app, request)(scope, receive, send)
  File "/home/kris/healthass/venv/lib/python3.13/site-packages/starlette/_exception_handler.py", line 53, in wrapped_app
    raise exc
  File "/home/kris/healthass/venv/lib/python3.13/site-packages/starlette/_exception_handler.py", line 42, in wrapped_app
    await app(scope, receive, sender)
  File "/home/kris/healthass/venv/lib/python3.13/site-packages/fastapi/routing.py", line 101, in app
    response = await f(request)
               ^^^^^^^^^^^^^^^^
  File "/home/kris/healthass/venv/lib/python3.13/site-packages/fastapi/routing.py", line 355, in app
    raw_response = await run_endpoint_function(
                   ^^^^^^^^^^^^^^^^^^^^^^^^^^^^
    ...<3 lines>...
    )
    ^
  File "/home/kris/healthass/venv/lib/python3.13/site-packages/fastapi/routing.py", line 243, in run_endpoint_function
    return await dependant.call(**values)
           ^^^^^^^^^^^^^^^^^^^^^^^^^^^^^^
  File "/home/kris/healthass/health_api.py", line 95, in add_checkin
    cur.execute(
    ~~~~~~~~~~~^
        """
        ^^^
    ...<22 lines>...
        ),
        ^^
    )
    ^
sqlite3.OperationalError: incomplete input
WARNING:  WatchFiles detected changes in 'health_api.py'. Reloading...
INFO:     Shutting down
INFO:     Waiting for application shutdown.
INFO:     Application shutdown complete.
INFO:     Finished server process [3694631]
INFO:     Started server process [3694830]
INFO:     Waiting for application startup.
INFO:     Application startup complete.
WARNING:  WatchFiles detected changes in 'health_api.py'. Reloading...
INFO:     Shutting down
INFO:     Waiting for application shutdown.
INFO:     Application shutdown complete.
INFO:     Finished server process [3694830]
INFO:     Started server process [3694832]
INFO:     Waiting for application startup.
INFO:     Application startup complete.
WARNING:  WatchFiles detected changes in 'health_api.py'. Reloading...
INFO:     Shutting down
INFO:     Waiting for application shutdown.
INFO:     Application shutdown complete.
INFO:     Finished server process [3694832]
INFO:     Started server process [3694859]
INFO:     Waiting for application startup.
INFO:     Application startup complete.
WARNING:  WatchFiles detected changes in 'health_api.py'. Reloading...
INFO:     Shutting down
INFO:     Waiting for application shutdown.
INFO:     Application shutdown complete.
INFO:     Finished server process [3694859]
INFO:     Started server process [3694863]
INFO:     Waiting for application startup.
INFO:     Application startup complete.
WARNING:  WatchFiles detected changes in 'health_api.py'. Reloading...
INFO:     Shutting down
INFO:     Waiting for application shutdown.
INFO:     Application shutdown complete.
INFO:     Finished server process [3694863]
INFO:     Started server process [3694939]
INFO:     Waiting for application startup.
INFO:     Application startup complete.
WARNING:  WatchFiles detected changes in 'health_api.py'. Reloading...
INFO:     Shutting down
INFO:     Waiting for application shutdown.
INFO:     Application shutdown complete.
INFO:     Finished server process [3694939]
INFO:     Started server process [3694941]
INFO:     Waiting for application startup.
INFO:     Application startup complete.
Upserted: 2026-01-17, Weight: 103.04999542236328
INFO:     192.168.88.15:64115 - "POST /checkin HTTP/1.1" 200 OK
WARNING:  WatchFiles detected changes in 'health_api.py'. Reloading...
INFO:     Shutting down
INFO:     Waiting for application shutdown.
INFO:     Application shutdown complete.
INFO:     Finished server process [3694941]
INFO:     Started server process [4041702]
INFO:     Waiting for application startup.
INFO:     Application startup complete.
WARNING:  WatchFiles detected changes in 'health_api.py'. Reloading...
INFO:     Shutting down
INFO:     Waiting for application shutdown.
INFO:     Application shutdown complete.
INFO:     Finished server process [4041702]
Process SpawnProcess-9:
Traceback (most recent call last):
  File "/usr/lib/python3.13/multiprocessing/process.py", line 313, in _bootstrap
    self.run()
    ~~~~~~~~^^
  File "/usr/lib/python3.13/multiprocessing/process.py", line 108, in run
    self._target(*self._args, **self._kwargs)
    ~~~~~~~~~~~~^^^^^^^^^^^^^^^^^^^^^^^^^^^^^
  File "/home/kris/healthass/venv/lib/python3.13/site-packages/uvicorn/_subprocess.py", line 80, in subprocess_started
    target(sockets=sockets)
    ~~~~~~^^^^^^^^^^^^^^^^^
  File "/home/kris/healthass/venv/lib/python3.13/site-packages/uvicorn/server.py", line 67, in run
    return asyncio_run(self.serve(sockets=sockets), loop_factory=self.config.get_loop_factory())
  File "/usr/lib/python3.13/asyncio/runners.py", line 195, in run
    return runner.run(main)
           ~~~~~~~~~~^^^^^^
  File "/usr/lib/python3.13/asyncio/runners.py", line 118, in run
    return self._loop.run_until_complete(task)
           ~~~~~~~~~~~~~~~~~~~~~~~~~~~~~^^^^^^
  File "uvloop/loop.pyx", line 1518, in uvloop.loop.Loop.run_until_complete
  File "/home/kris/healthass/venv/lib/python3.13/site-packages/uvicorn/server.py", line 71, in serve
    await self._serve(sockets)
  File "/home/kris/healthass/venv/lib/python3.13/site-packages/uvicorn/server.py", line 78, in _serve
    config.load()
    ~~~~~~~~~~~^^
  File "/home/kris/healthass/venv/lib/python3.13/site-packages/uvicorn/config.py", line 439, in load
    self.loaded_app = import_from_string(self.app)
                      ~~~~~~~~~~~~~~~~~~^^^^^^^^^^
  File "/home/kris/healthass/venv/lib/python3.13/site-packages/uvicorn/importer.py", line 19, in import_from_string
    module = importlib.import_module(module_str)
  File "/usr/lib/python3.13/importlib/__init__.py", line 88, in import_module
    return _bootstrap._gcd_import(name[level:], package, level)
           ~~~~~~~~~~~~~~~~~~~~~~^^^^^^^^^^^^^^^^^^^^^^^^^^^^^^
  File "<frozen importlib._bootstrap>", line 1387, in _gcd_import
  File "<frozen importlib._bootstrap>", line 1360, in _find_and_load
  File "<frozen importlib._bootstrap>", line 1331, in _find_and_load_unlocked
  File "<frozen importlib._bootstrap>", line 935, in _load_unlocked
  File "<frozen importlib._bootstrap_external>", line 1026, in exec_module
  File "<frozen importlib._bootstrap>", line 488, in _call_with_frames_removed
  File "/home/kris/healthass/health_api.py", line 44, in <module>
    init_db()
    ~~~~~~~^^
  File "/home/kris/healthass/health_api.py", line 14, in init_db
    cur.execute("""
    ~~~~~~~~~~~^^^^
    CREATE TABLE IF NOT EXISTS weigh_in (
    ^^^^^^^^^^^^^^^^^^^^^^^^^^^^^^^^^^^^^
    ...<5 lines>...
    )
    ^
    """)
    ^^^^
sqlite3.OperationalError: near ")": syntax error
WARNING:  WatchFiles detected changes in 'health_api.py'. Reloading...
Process SpawnProcess-10:
Traceback (most recent call last):
  File "/usr/lib/python3.13/multiprocessing/process.py", line 313, in _bootstrap
    self.run()
    ~~~~~~~~^^
  File "/usr/lib/python3.13/multiprocessing/process.py", line 108, in run
    self._target(*self._args, **self._kwargs)
    ~~~~~~~~~~~~^^^^^^^^^^^^^^^^^^^^^^^^^^^^^
  File "/home/kris/healthass/venv/lib/python3.13/site-packages/uvicorn/_subprocess.py", line 80, in subprocess_started
    target(sockets=sockets)
    ~~~~~~^^^^^^^^^^^^^^^^^
  File "/home/kris/healthass/venv/lib/python3.13/site-packages/uvicorn/server.py", line 67, in run
    return asyncio_run(self.serve(sockets=sockets), loop_factory=self.config.get_loop_factory())
  File "/usr/lib/python3.13/asyncio/runners.py", line 195, in run
    return runner.run(main)
           ~~~~~~~~~~^^^^^^
  File "/usr/lib/python3.13/asyncio/runners.py", line 118, in run
    return self._loop.run_until_complete(task)
           ~~~~~~~~~~~~~~~~~~~~~~~~~~~~~^^^^^^
  File "uvloop/loop.pyx", line 1518, in uvloop.loop.Loop.run_until_complete
  File "/home/kris/healthass/venv/lib/python3.13/site-packages/uvicorn/server.py", line 71, in serve
    await self._serve(sockets)
  File "/home/kris/healthass/venv/lib/python3.13/site-packages/uvicorn/server.py", line 78, in _serve
    config.load()
    ~~~~~~~~~~~^^
  File "/home/kris/healthass/venv/lib/python3.13/site-packages/uvicorn/config.py", line 439, in load
    self.loaded_app = import_from_string(self.app)
                      ~~~~~~~~~~~~~~~~~~^^^^^^^^^^
  File "/home/kris/healthass/venv/lib/python3.13/site-packages/uvicorn/importer.py", line 19, in import_from_string
    module = importlib.import_module(module_str)
  File "/usr/lib/python3.13/importlib/__init__.py", line 88, in import_module
    return _bootstrap._gcd_import(name[level:], package, level)
           ~~~~~~~~~~~~~~~~~~~~~~^^^^^^^^^^^^^^^^^^^^^^^^^^^^^^
  File "<frozen importlib._bootstrap>", line 1387, in _gcd_import
  File "<frozen importlib._bootstrap>", line 1360, in _find_and_load
  File "<frozen importlib._bootstrap>", line 1331, in _find_and_load_unlocked
  File "<frozen importlib._bootstrap>", line 935, in _load_unlocked
  File "<frozen importlib._bootstrap_external>", line 1026, in exec_module
  File "<frozen importlib._bootstrap>", line 488, in _call_with_frames_removed
  File "/home/kris/healthass/health_api.py", line 45, in <module>
    init_db()
    ~~~~~~~^^
  File "/home/kris/healthass/health_api.py", line 14, in init_db
    cur.execute("""
    ~~~~~~~~~~~^^^^
    CREATE TABLE IF NOT EXISTS weigh_in (
    ^^^^^^^^^^^^^^^^^^^^^^^^^^^^^^^^^^^^^
    ...<6 lines>...
    )
    ^
    """)
    ^^^^
sqlite3.OperationalError: near ")": syntax error
WARNING:  WatchFiles detected changes in 'api/health_api.py', 'health_api.py'. Reloading...
ERROR:    Error loading ASGI app. Could not import module "health_api".
WARNING:  WatchFiles detected changes in 'dashboard.py', 'dashboard/dashboard.py'. Reloading...
ERROR:    Error loading ASGI app. Could not import module "health_api".
WARNING:  WatchFiles detected changes in 'voice_checkin.py', 'scripts/voice_checkin.py'. Reloading...
ERROR:    Error loading ASGI app. Could not import module "health_api".
WARNING:  WatchFiles detected changes in 'api/health_api.py'. Reloading...
ERROR:    Error loading ASGI app. Could not import module "health_api".
WARNING:  WatchFiles detected changes in 'api/health_api.py'. Reloading...
ERROR:    Error loading ASGI app. Could not import module "health_api".
WARNING:  WatchFiles detected changes in 'api/health_api.py'. Reloading...
ERROR:    Error loading ASGI app. Could not import module "health_api".
WARNING:  WatchFiles detected changes in 'api/health_api.py'. Reloading...
ERROR:    Error loading ASGI app. Could not import module "health_api".
WARNING:  WatchFiles detected changes in 'api/health_api.py'. Reloading...
ERROR:    Error loading ASGI app. Could not import module "health_api".
WARNING:  WatchFiles detected changes in 'api/health_api.py'. Reloading...
ERROR:    Error loading ASGI app. Could not import module "health_api".
WARNING:  WatchFiles detected changes in 'api/health_api.py'. Reloading...
ERROR:    Error loading ASGI app. Could not import module "health_api".
WARNING:  WatchFiles detected changes in 'api/health_api.py'. Reloading...
ERROR:    Error loading ASGI app. Could not import module "health_api".
WARNING:  WatchFiles detected changes in 'api/health_api.py'. Reloading...
ERROR:    Error loading ASGI app. Could not import module "health_api".
WARNING:  WatchFiles detected changes in 'api/health_api.py'. Reloading...
ERROR:    Error loading ASGI app. Could not import module "health_api".
WARNING:  WatchFiles detected changes in 'api/health_api.py'. Reloading...
ERROR:    Error loading ASGI app. Could not import module "health_api".
WARNING:  WatchFiles detected changes in 'api/health_api.py'. Reloading...
ERROR:    Error loading ASGI app. Could not import module "health_api".
WARNING:  WatchFiles detected changes in 'api/health_api.py'. Reloading...
ERROR:    Error loading ASGI app. Could not import module "health_api".
WARNING:  WatchFiles detected changes in 'api/health_api.py'. Reloading...
ERROR:    Error loading ASGI app. Could not import module "health_api".
WARNING:  WatchFiles detected changes in 'api/health_api.py'. Reloading...
ERROR:    Error loading ASGI app. Could not import module "health_api".
WARNING:  WatchFiles detected changes in 'api/health_api.py'. Reloading...
ERROR:    Error loading ASGI app. Could not import module "health_api".
WARNING:  WatchFiles detected changes in 'api/health_api.py'. Reloading...
ERROR:    Error loading ASGI app. Could not import module "health_api".
WARNING:  WatchFiles detected changes in 'api/health_api.py'. Reloading...
ERROR:    Error loading ASGI app. Could not import module "health_api".
WARNING:  WatchFiles detected changes in 'api/health_api.py'. Reloading...
ERROR:    Error loading ASGI app. Could not import module "health_api".
WARNING:  WatchFiles detected changes in 'api/health_api.py'. Reloading...
ERROR:    Error loading ASGI app. Could not import module "health_api".
WARNING:  WatchFiles detected changes in 'api/health_api.py'. Reloading...
ERROR:    Error loading ASGI app. Could not import module "health_api".
WARNING:  WatchFiles detected changes in 'api/health_api.py'. Reloading...
ERROR:    Error loading ASGI app. Could not import module "health_api".
WARNING:  WatchFiles detected changes in 'api/health_api.py'. Reloading...
ERROR:    Error loading ASGI app. Could not import module "health_api".
WARNING:  WatchFiles detected changes in 'api/health_api.py'. Reloading...
ERROR:    Error loading ASGI app. Could not import module "health_api".
WARNING:  WatchFiles detected changes in 'api/health_api.py'. Reloading...
ERROR:    Error loading ASGI app. Could not import module "health_api".
WARNING:  WatchFiles detected changes in 'api/health_api.py'. Reloading...
ERROR:    Error loading ASGI app. Could not import module "health_api".
WARNING:  WatchFiles detected changes in 'api/health_api.py'. Reloading...
ERROR:    Error loading ASGI app. Could not import module "health_api".
WARNING:  WatchFiles detected changes in 'api/health_api.py'. Reloading...
ERROR:    Error loading ASGI app. Could not import module "health_api".
WARNING:  WatchFiles detected changes in 'api/health_api.py'. Reloading...
ERROR:    Error loading ASGI app. Could not import module "health_api".
WARNING:  WatchFiles detected changes in 'api/health_api.py'. Reloading...
ERROR:    Error loading ASGI app. Could not import module "health_api".
WARNING:  WatchFiles detected changes in 'api/health_api.py'. Reloading...
ERROR:    Error loading ASGI app. Could not import module "health_api".
WARNING:  WatchFiles detected changes in 'api/health_api.py'. Reloading...
ERROR:    Error loading ASGI app. Could not import module "health_api".
WARNING:  WatchFiles detected changes in 'api/health_api.py'. Reloading...
ERROR:    Error loading ASGI app. Could not import module "health_api".
WARNING:  WatchFiles detected changes in 'api/health_api.py'. Reloading...
ERROR:    Error loading ASGI app. Could not import module "health_api".
WARNING:  WatchFiles detected changes in 'api/health_api.py'. Reloading...
ERROR:    Error loading ASGI app. Could not import module "health_api".
WARNING:  WatchFiles detected changes in 'api/health_api.py'. Reloading...
ERROR:    Error loading ASGI app. Could not import module "health_api".
WARNING:  WatchFiles detected changes in 'api/health_api.py'. Reloading...
ERROR:    Error loading ASGI app. Could not import module "health_api".
WARNING:  WatchFiles detected changes in 'api/health_api.py'. Reloading...
ERROR:    Error loading ASGI app. Could not import module "health_api".
WARNING:  WatchFiles detected changes in 'api/health_api.py'. Reloading...
ERROR:    Error loading ASGI app. Could not import module "health_api".
WARNING:  WatchFiles detected changes in 'api/health_api.py'. Reloading...
ERROR:    Error loading ASGI app. Could not import module "health_api".
WARNING:  WatchFiles detected changes in 'api/health_api.py'. Reloading...
ERROR:    Error loading ASGI app. Could not import module "health_api".
WARNING:  WatchFiles detected changes in 'api/health_api.py'. Reloading...
ERROR:    Error loading ASGI app. Could not import module "health_api".
WARNING:  WatchFiles detected changes in 'api/health_api.py'. Reloading...
ERROR:    Error loading ASGI app. Could not import module "health_api".
WARNING:  WatchFiles detected changes in 'api/health_api.py'. Reloading...
ERROR:    Error loading ASGI app. Could not import module "health_api".
WARNING:  WatchFiles detected changes in 'api/health_api.py'. Reloading...
ERROR:    Error loading ASGI app. Could not import module "health_api".
WARNING:  WatchFiles detected changes in 'api/health_api.py'. Reloading...
ERROR:    Error loading ASGI app. Could not import module "health_api".
WARNING:  WatchFiles detected changes in 'api/health_api.py'. Reloading...
ERROR:    Error loading ASGI app. Could not import module "health_api".
WARNING:  WatchFiles detected changes in 'api/health_api.py'. Reloading...
ERROR:    Error loading ASGI app. Could not import module "health_api".
WARNING:  WatchFiles detected changes in 'api/health_api.py'. Reloading...
ERROR:    Error loading ASGI app. Could not import module "health_api".
WARNING:  WatchFiles detected changes in 'api/health_api.py'. Reloading...
ERROR:    Error loading ASGI app. Could not import module "health_api".
WARNING:  WatchFiles detected changes in 'api/health_api.py'. Reloading...
ERROR:    Error loading ASGI app. Could not import module "health_api".
WARNING:  WatchFiles detected changes in 'api/health_api.py'. Reloading...
ERROR:    Error loading ASGI app. Could not import module "health_api".
WARNING:  WatchFiles detected changes in 'api/health_api.py'. Reloading...
ERROR:    Error loading ASGI app. Could not import module "health_api".
WARNING:  WatchFiles detected changes in 'api/health_api.py'. Reloading...
ERROR:    Error loading ASGI app. Could not import module "health_api".
WARNING:  WatchFiles detected changes in 'api/health_api.py'. Reloading...
ERROR:    Error loading ASGI app. Could not import module "health_api".
WARNING:  WatchFiles detected changes in 'api/health_api.py'. Reloading...
ERROR:    Error loading ASGI app. Could not import module "health_api".
WARNING:  WatchFiles detected changes in 'api/health_api.py'. Reloading...
ERROR:    Error loading ASGI app. Could not import module "health_api".
WARNING:  WatchFiles detected changes in 'api/health_api.py'. Reloading...
ERROR:    Error loading ASGI app. Could not import module "health_api".
WARNING:  WatchFiles detected changes in 'api/health_api.py'. Reloading...
ERROR:    Error loading ASGI app. Could not import module "health_api".
WARNING:  WatchFiles detected changes in 'api/health_api.py'. Reloading...
ERROR:    Error loading ASGI app. Could not import module "health_api".
WARNING:  WatchFiles detected changes in 'api/health_api.py'. Reloading...
ERROR:    Error loading ASGI app. Could not import module "health_api".
WARNING:  WatchFiles detected changes in 'api/health_api.py'. Reloading...
ERROR:    Error loading ASGI app. Could not import module "health_api".
WARNING:  WatchFiles detected changes in 'api/health_api.py'. Reloading...
ERROR:    Error loading ASGI app. Could not import module "health_api".
WARNING:  WatchFiles detected changes in 'api/health_api.py'. Reloading...
ERROR:    Error loading ASGI app. Could not import module "health_api".
WARNING:  WatchFiles detected changes in 'api/health_api.py'. Reloading...
ERROR:    Error loading ASGI app. Could not import module "health_api".
WARNING:  WatchFiles detected changes in 'api/health_api.py'. Reloading...
ERROR:    Error loading ASGI app. Could not import module "health_api".
WARNING:  WatchFiles detected changes in 'api/health_api.py'. Reloading...
ERROR:    Error loading ASGI app. Could not import module "health_api".
WARNING:  WatchFiles detected changes in 'api/health_api.py'. Reloading...
ERROR:    Error loading ASGI app. Could not import module "health_api".
WARNING:  WatchFiles detected changes in 'api/health_api.py'. Reloading...
ERROR:    Error loading ASGI app. Could not import module "health_api".
WARNING:  WatchFiles detected changes in 'api/health_api.py'. Reloading...
ERROR:    Error loading ASGI app. Could not import module "health_api".
WARNING:  WatchFiles detected changes in 'api/health_api.py'. Reloading...
ERROR:    Error loading ASGI app. Could not import module "health_api".
WARNING:  WatchFiles detected changes in 'api/health_api.py'. Reloading...
ERROR:    Error loading ASGI app. Could not import module "health_api".
WARNING:  WatchFiles detected changes in 'api/health_api.py'. Reloading...
ERROR:    Error loading ASGI app. Could not import module "health_api".
WARNING:  WatchFiles detected changes in 'api/health_api.py'. Reloading...
ERROR:    Error loading ASGI app. Could not import module "health_api".
WARNING:  WatchFiles detected changes in 'api/health_api.py'. Reloading...
ERROR:    Error loading ASGI app. Could not import module "health_api".
WARNING:  WatchFiles detected changes in 'api/health_api.py'. Reloading...
ERROR:    Error loading ASGI app. Could not import module "health_api".
WARNING:  WatchFiles detected changes in 'api/health_api.py'. Reloading...
ERROR:    Error loading ASGI app. Could not import module "health_api".
WARNING:  WatchFiles detected changes in 'api/health_api.py'. Reloading...
ERROR:    Error loading ASGI app. Could not import module "health_api".
WARNING:  WatchFiles detected changes in 'api/health_api.py'. Reloading...
ERROR:    Error loading ASGI app. Could not import module "health_api".
WARNING:  WatchFiles detected changes in 'api/health_api.py'. Reloading...
ERROR:    Error loading ASGI app. Could not import module "health_api".
WARNING:  WatchFiles detected changes in 'api/health_api.py'. Reloading...
ERROR:    Error loading ASGI app. Could not import module "health_api".
WARNING:  WatchFiles detected changes in 'api/health_api.py'. Reloading...
ERROR:    Error loading ASGI app. Could not import module "health_api".
WARNING:  WatchFiles detected changes in 'api/health_api.py'. Reloading...
ERROR:    Error loading ASGI app. Could not import module "health_api".
WARNING:  WatchFiles detected changes in 'api/health_api.py'. Reloading...
ERROR:    Error loading ASGI app. Could not import module "health_api".
WARNING:  WatchFiles detected changes in 'api/health_api.py'. Reloading...
ERROR:    Error loading ASGI app. Could not import module "health_api".
WARNING:  WatchFiles detected changes in 'api/health_api.py'. Reloading...
ERROR:    Error loading ASGI app. Could not import module "health_api".
WARNING:  WatchFiles detected changes in 'api/health_api.py'. Reloading...
ERROR:    Error loading ASGI app. Could not import module "health_api".
WARNING:  WatchFiles detected changes in 'api/health_api.py'. Reloading...
ERROR:    Error loading ASGI app. Could not import module "health_api".
WARNING:  WatchFiles detected changes in 'api/health_api.py'. Reloading...
ERROR:    Error loading ASGI app. Could not import module "health_api".
WARNING:  WatchFiles detected changes in 'api/health_api.py'. Reloading...
ERROR:    Error loading ASGI app. Could not import module "health_api".
WARNING:  WatchFiles detected changes in 'api/health_api.py'. Reloading...
ERROR:    Error loading ASGI app. Could not import module "health_api".
WARNING:  WatchFiles detected changes in 'api/health_api.py'. Reloading...
ERROR:    Error loading ASGI app. Could not import module "health_api".
WARNING:  WatchFiles detected changes in 'api/health_api.py'. Reloading...
ERROR:    Error loading ASGI app. Could not import module "health_api".
WARNING:  WatchFiles detected changes in 'api/health_api.py'. Reloading...
ERROR:    Error loading ASGI app. Could not import module "health_api".
WARNING:  WatchFiles detected changes in 'api/health_api.py'. Reloading...
ERROR:    Error loading ASGI app. Could not import module "health_api".
WARNING:  WatchFiles detected changes in 'api/health_api.py'. Reloading...
ERROR:    Error loading ASGI app. Could not import module "health_api".
WARNING:  WatchFiles detected changes in 'api/health_api.py'. Reloading...
ERROR:    Error loading ASGI app. Could not import module "health_api".
WARNING:  WatchFiles detected changes in 'api/health_api.py'. Reloading...
ERROR:    Error loading ASGI app. Could not import module "health_api".
WARNING:  WatchFiles detected changes in 'api/health_api.py'. Reloading...
ERROR:    Error loading ASGI app. Could not import module "health_api".
WARNING:  WatchFiles detected changes in 'api/health_api.py'. Reloading...
ERROR:    Error loading ASGI app. Could not import module "health_api".
WARNING:  WatchFiles detected changes in 'api/health_api.py'. Reloading...
ERROR:    Error loading ASGI app. Could not import module "health_api".
WARNING:  WatchFiles detected changes in 'api/health_api.py'. Reloading...
ERROR:    Error loading ASGI app. Could not import module "health_api".
WARNING:  WatchFiles detected changes in 'api/health_api.py'. Reloading...
ERROR:    Error loading ASGI app. Could not import module "health_api".
WARNING:  WatchFiles detected changes in 'api/health_api.py'. Reloading...
ERROR:    Error loading ASGI app. Could not import module "health_api".
WARNING:  WatchFiles detected changes in 'api/health_api.py'. Reloading...
ERROR:    Error loading ASGI app. Could not import module "health_api".
WARNING:  WatchFiles detected changes in 'api/health_api.py'. Reloading...
ERROR:    Error loading ASGI app. Could not import module "health_api".
WARNING:  WatchFiles detected changes in 'api/health_api.py'. Reloading...
ERROR:    Error loading ASGI app. Could not import module "health_api".
WARNING:  WatchFiles detected changes in 'api/health_api.py'. Reloading...
ERROR:    Error loading ASGI app. Could not import module "health_api".
WARNING:  WatchFiles detected changes in 'api/health_api.py'. Reloading...
ERROR:    Error loading ASGI app. Could not import module "health_api".
WARNING:  WatchFiles detected changes in 'api/health_api.py'. Reloading...
ERROR:    Error loading ASGI app. Could not import module "health_api".
WARNING:  WatchFiles detected changes in 'api/health_api.py'. Reloading...
ERROR:    Error loading ASGI app. Could not import module "health_api".
WARNING:  WatchFiles detected changes in 'api/health_api.py'. Reloading...
ERROR:    Error loading ASGI app. Could not import module "health_api".
WARNING:  WatchFiles detected changes in 'api/health_api.py'. Reloading...
ERROR:    Error loading ASGI app. Could not import module "health_api".
WARNING:  WatchFiles detected changes in 'api/health_api.py'. Reloading...
ERROR:    Error loading ASGI app. Could not import module "health_api".
WARNING:  WatchFiles detected changes in 'api/health_api.py'. Reloading...
ERROR:    Error loading ASGI app. Could not import module "health_api".
WARNING:  WatchFiles detected changes in 'api/health_api.py'. Reloading...
ERROR:    Error loading ASGI app. Could not import module "health_api".
WARNING:  WatchFiles detected changes in 'api/health_api.py'. Reloading...
ERROR:    Error loading ASGI app. Could not import module "health_api".
WARNING:  WatchFiles detected changes in 'api/health_api.py'. Reloading...
ERROR:    Error loading ASGI app. Could not import module "health_api".
WARNING:  WatchFiles detected changes in 'api/health_api.py'. Reloading...
ERROR:    Error loading ASGI app. Could not import module "health_api".
WARNING:  WatchFiles detected changes in 'api/health_api.py'. Reloading...
ERROR:    Error loading ASGI app. Could not import module "health_api".
WARNING:  WatchFiles detected changes in 'api/health_api.py'. Reloading...
ERROR:    Error loading ASGI app. Could not import module "health_api".
WARNING:  WatchFiles detected changes in 'api/health_api.py'. Reloading...
ERROR:    Error loading ASGI app. Could not import module "health_api".
WARNING:  WatchFiles detected changes in 'api/health_api.py'. Reloading...
ERROR:    Error loading ASGI app. Could not import module "health_api".
WARNING:  WatchFiles detected changes in 'api/health_api.py'. Reloading...
ERROR:    Error loading ASGI app. Could not import module "health_api".
WARNING:  WatchFiles detected changes in 'api/health_api.py'. Reloading...
ERROR:    Error loading ASGI app. Could not import module "health_api".
WARNING:  WatchFiles detected changes in 'api/health_api.py'. Reloading...
ERROR:    Error loading ASGI app. Could not import module "health_api".
WARNING:  WatchFiles detected changes in 'api/health_api.py'. Reloading...
ERROR:    Error loading ASGI app. Could not import module "health_api".
WARNING:  WatchFiles detected changes in 'api/health_api.py'. Reloading...
ERROR:    Error loading ASGI app. Could not import module "health_api".
WARNING:  WatchFiles detected changes in 'api/health_api.py'. Reloading...
ERROR:    Error loading ASGI app. Could not import module "health_api".
WARNING:  WatchFiles detected changes in 'api/health_api.py'. Reloading...
ERROR:    Error loading ASGI app. Could not import module "health_api".
WARNING:  WatchFiles detected changes in 'api/health_api.py'. Reloading...
ERROR:    Error loading ASGI app. Could not import module "health_api".
WARNING:  WatchFiles detected changes in 'api/health_api.py'. Reloading...
ERROR:    Error loading ASGI app. Could not import module "health_api".
WARNING:  WatchFiles detected changes in 'api/health_api.py'. Reloading...
ERROR:    Error loading ASGI app. Could not import module "health_api".
WARNING:  WatchFiles detected changes in 'api/health_api.py'. Reloading...
ERROR:    Error loading ASGI app. Could not import module "health_api".
WARNING:  WatchFiles detected changes in 'api/health_api.py'. Reloading...
ERROR:    Error loading ASGI app. Could not import module "health_api".
WARNING:  WatchFiles detected changes in 'api/health_api.py'. Reloading...
ERROR:    Error loading ASGI app. Could not import module "health_api".
WARNING:  WatchFiles detected changes in 'api/health_api.py'. Reloading...
ERROR:    Error loading ASGI app. Could not import module "health_api".
WARNING:  WatchFiles detected changes in 'api/health_api.py'. Reloading...
ERROR:    Error loading ASGI app. Could not import module "health_api".
WARNING:  WatchFiles detected changes in 'api/health_api.py'. Reloading...
ERROR:    Error loading ASGI app. Could not import module "health_api".
WARNING:  WatchFiles detected changes in 'api/health_api.py'. Reloading...
ERROR:    Error loading ASGI app. Could not import module "health_api".
WARNING:  WatchFiles detected changes in 'api/health_api.py'. Reloading...
ERROR:    Error loading ASGI app. Could not import module "health_api".
WARNING:  WatchFiles detected changes in 'api/health_api.py'. Reloading...
ERROR:    Error loading ASGI app. Could not import module "health_api".
WARNING:  WatchFiles detected changes in 'api/health_api.py'. Reloading...
ERROR:    Error loading ASGI app. Could not import module "health_api".
WARNING:  WatchFiles detected changes in 'api/health_api.py'. Reloading...
ERROR:    Error loading ASGI app. Could not import module "health_api".
WARNING:  WatchFiles detected changes in 'api/health_api.py'. Reloading...
ERROR:    Error loading ASGI app. Could not import module "health_api".
WARNING:  WatchFiles detected changes in 'api/health_api.py'. Reloading...
ERROR:    Error loading ASGI app. Could not import module "health_api".
WARNING:  WatchFiles detected changes in 'api/health_api.py'. Reloading...
ERROR:    Error loading ASGI app. Could not import module "health_api".
WARNING:  WatchFiles detected changes in 'api/health_api.py'. Reloading...
ERROR:    Error loading ASGI app. Could not import module "health_api".
WARNING:  WatchFiles detected changes in 'api/health_api.py'. Reloading...
ERROR:    Error loading ASGI app. Could not import module "health_api".
WARNING:  WatchFiles detected changes in 'api/health_api.py'. Reloading...
ERROR:    Error loading ASGI app. Could not import module "health_api".
WARNING:  WatchFiles detected changes in 'api/health_api.py'. Reloading...
ERROR:    Error loading ASGI app. Could not import module "health_api".
WARNING:  WatchFiles detected changes in 'api/health_api.py'. Reloading...
ERROR:    Error loading ASGI app. Could not import module "health_api".
WARNING:  WatchFiles detected changes in 'api/health_api.py'. Reloading...
ERROR:    Error loading ASGI app. Could not import module "health_api".
WARNING:  WatchFiles detected changes in 'api/health_api.py'. Reloading...
ERROR:    Error loading ASGI app. Could not import module "health_api".
WARNING:  WatchFiles detected changes in 'api/health_api.py'. Reloading...
ERROR:    Error loading ASGI app. Could not import module "health_api".
WARNING:  WatchFiles detected changes in 'api/health_api.py'. Reloading...
ERROR:    Error loading ASGI app. Could not import module "health_api".
WARNING:  WatchFiles detected changes in 'api/health_api.py'. Reloading...
ERROR:    Error loading ASGI app. Could not import module "health_api".
WARNING:  WatchFiles detected changes in 'api/health_api.py'. Reloading...
ERROR:    Error loading ASGI app. Could not import module "health_api".
WARNING:  WatchFiles detected changes in 'api/health_api.py'. Reloading...
ERROR:    Error loading ASGI app. Could not import module "health_api".
WARNING:  WatchFiles detected changes in 'api/health_api.py'. Reloading...
ERROR:    Error loading ASGI app. Could not import module "health_api".
WARNING:  WatchFiles detected changes in 'api/health_api.py'. Reloading...
ERROR:    Error loading ASGI app. Could not import module "health_api".
WARNING:  WatchFiles detected changes in 'api/health_api.py'. Reloading...
ERROR:    Error loading ASGI app. Could not import module "health_api".
WARNING:  WatchFiles detected changes in 'api/health_api.py'. Reloading...
ERROR:    Error loading ASGI app. Could not import module "health_api".
WARNING:  WatchFiles detected changes in 'api/health_api.py'. Reloading...
ERROR:    Error loading ASGI app. Could not import module "health_api".
WARNING:  WatchFiles detected changes in 'api/health_api.py'. Reloading...
ERROR:    Error loading ASGI app. Could not import module "health_api".
WARNING:  WatchFiles detected changes in 'api/health_api.py'. Reloading...
ERROR:    Error loading ASGI app. Could not import module "health_api".
WARNING:  WatchFiles detected changes in 'api/health_api.py'. Reloading...
ERROR:    Error loading ASGI app. Could not import module "health_api".
WARNING:  WatchFiles detected changes in 'api/health_api.py'. Reloading...
ERROR:    Error loading ASGI app. Could not import module "health_api".
WARNING:  WatchFiles detected changes in 'api/health_api.py'. Reloading...
ERROR:    Error loading ASGI app. Could not import module "health_api".
WARNING:  WatchFiles detected changes in 'api/health_api.py'. Reloading...
ERROR:    Error loading ASGI app. Could not import module "health_api".
WARNING:  WatchFiles detected changes in 'api/health_api.py'. Reloading...
ERROR:    Error loading ASGI app. Could not import module "health_api".
WARNING:  WatchFiles detected changes in 'api/health_api.py'. Reloading...
ERROR:    Error loading ASGI app. Could not import module "health_api".
WARNING:  WatchFiles detected changes in 'api/health_api.py'. Reloading...
ERROR:    Error loading ASGI app. Could not import module "health_api".
WARNING:  WatchFiles detected changes in 'api/health_api.py'. Reloading...
ERROR:    Error loading ASGI app. Could not import module "health_api".
WARNING:  WatchFiles detected changes in 'api/health_api.py'. Reloading...
ERROR:    Error loading ASGI app. Could not import module "health_api".
WARNING:  WatchFiles detected changes in 'api/health_api.py'. Reloading...
ERROR:    Error loading ASGI app. Could not import module "health_api".
WARNING:  WatchFiles detected changes in 'api/health_api.py'. Reloading...
ERROR:    Error loading ASGI app. Could not import module "health_api".
WARNING:  WatchFiles detected changes in 'api/health_api.py'. Reloading...
ERROR:    Error loading ASGI app. Could not import module "health_api".
WARNING:  WatchFiles detected changes in 'api/health_api.py'. Reloading...
ERROR:    Error loading ASGI app. Could not import module "health_api".
WARNING:  WatchFiles detected changes in 'api/health_api.py'. Reloading...
ERROR:    Error loading ASGI app. Could not import module "health_api".
WARNING:  WatchFiles detected changes in 'api/health_api.py'. Reloading...
ERROR:    Error loading ASGI app. Could not import module "health_api".
WARNING:  WatchFiles detected changes in 'api/health_api.py'. Reloading...
ERROR:    Error loading ASGI app. Could not import module "health_api".
WARNING:  WatchFiles detected changes in 'api/health_api.py'. Reloading...
ERROR:    Error loading ASGI app. Could not import module "health_api".
WARNING:  WatchFiles detected changes in 'api/health_api.py'. Reloading...
ERROR:    Error loading ASGI app. Could not import module "health_api".
WARNING:  WatchFiles detected changes in 'api/health_api.py'. Reloading...
ERROR:    Error loading ASGI app. Could not import module "health_api".
WARNING:  WatchFiles detected changes in 'api/health_api.py'. Reloading...
ERROR:    Error loading ASGI app. Could not import module "health_api".
WARNING:  WatchFiles detected changes in 'api/health_api.py'. Reloading...
ERROR:    Error loading ASGI app. Could not import module "health_api".
WARNING:  WatchFiles detected changes in 'api/health_api.py'. Reloading...
ERROR:    Error loading ASGI app. Could not import module "health_api".
WARNING:  WatchFiles detected changes in 'api/health_api.py'. Reloading...
ERROR:    Error loading ASGI app. Could not import module "health_api".
WARNING:  WatchFiles detected changes in 'api/health_api.py'. Reloading...
ERROR:    Error loading ASGI app. Could not import module "health_api".
WARNING:  WatchFiles detected changes in 'api/health_api.py'. Reloading...
ERROR:    Error loading ASGI app. Could not import module "health_api".
WARNING:  WatchFiles detected changes in 'api/health_api.py'. Reloading...
ERROR:    Error loading ASGI app. Could not import module "health_api".
WARNING:  WatchFiles detected changes in 'api/health_api.py'. Reloading...
ERROR:    Error loading ASGI app. Could not import module "health_api".
WARNING:  WatchFiles detected changes in 'api/health_api.py'. Reloading...
ERROR:    Error loading ASGI app. Could not import module "health_api".
WARNING:  WatchFiles detected changes in 'api/health_api.py'. Reloading...
ERROR:    Error loading ASGI app. Could not import module "health_api".
WARNING:  WatchFiles detected changes in 'api/health_api.py'. Reloading...
ERROR:    Error loading ASGI app. Could not import module "health_api".
WARNING:  WatchFiles detected changes in 'api/health_api.py'. Reloading...
ERROR:    Error loading ASGI app. Could not import module "health_api".
WARNING:  WatchFiles detected changes in 'api/health_api.py'. Reloading...
ERROR:    Error loading ASGI app. Could not import module "health_api".
WARNING:  WatchFiles detected changes in 'api/health_api.py'. Reloading...
ERROR:    Error loading ASGI app. Could not import module "health_api".
WARNING:  WatchFiles detected changes in 'api/health_api.py'. Reloading...
ERROR:    Error loading ASGI app. Could not import module "health_api".
WARNING:  WatchFiles detected changes in 'api/health_api.py'. Reloading...
ERROR:    Error loading ASGI app. Could not import module "health_api".
WARNING:  WatchFiles detected changes in 'api/health_api.py'. Reloading...
ERROR:    Error loading ASGI app. Could not import module "health_api".
WARNING:  WatchFiles detected changes in 'api/health_api.py'. Reloading...
ERROR:    Error loading ASGI app. Could not import module "health_api".
WARNING:  WatchFiles detected changes in 'api/health_api.py'. Reloading...
ERROR:    Error loading ASGI app. Could not import module "health_api".
WARNING:  WatchFiles detected changes in 'api/health_api.py'. Reloading...
ERROR:    Error loading ASGI app. Could not import module "health_api".
WARNING:  WatchFiles detected changes in 'api/health_api.py'. Reloading...
ERROR:    Error loading ASGI app. Could not import module "health_api".
WARNING:  WatchFiles detected changes in 'api/health_api.py'. Reloading...
ERROR:    Error loading ASGI app. Could not import module "health_api".
WARNING:  WatchFiles detected changes in 'api/health_api.py'. Reloading...
ERROR:    Error loading ASGI app. Could not import module "health_api".
WARNING:  WatchFiles detected changes in 'api/health_api.py'. Reloading...
ERROR:    Error loading ASGI app. Could not import module "health_api".
WARNING:  WatchFiles detected changes in 'api/health_api.py'. Reloading...
ERROR:    Error loading ASGI app. Could not import module "health_api".
WARNING:  WatchFiles detected changes in 'api/health_api.py'. Reloading...
ERROR:    Error loading ASGI app. Could not import module "health_api".
WARNING:  WatchFiles detected changes in 'api/health_api.py'. Reloading...
ERROR:    Error loading ASGI app. Could not import module "health_api".
WARNING:  WatchFiles detected changes in 'api/health_api.py'. Reloading...
ERROR:    Error loading ASGI app. Could not import module "health_api".
WARNING:  WatchFiles detected changes in 'api/health_api.py'. Reloading...
ERROR:    Error loading ASGI app. Could not import module "health_api".
WARNING:  WatchFiles detected changes in 'api/health_api.py'. Reloading...
ERROR:    Error loading ASGI app. Could not import module "health_api".
WARNING:  WatchFiles detected changes in 'api/health_api.py'. Reloading...
ERROR:    Error loading ASGI app. Could not import module "health_api".
WARNING:  WatchFiles detected changes in 'api/health_api.py'. Reloading...
ERROR:    Error loading ASGI app. Could not import module "health_api".
WARNING:  WatchFiles detected changes in 'api/health_api.py'. Reloading...
ERROR:    Error loading ASGI app. Could not import module "health_api".
WARNING:  WatchFiles detected changes in 'api/health_api.py'. Reloading...
ERROR:    Error loading ASGI app. Could not import module "health_api".
WARNING:  WatchFiles detected changes in 'api/health_api.py'. Reloading...
ERROR:    Error loading ASGI app. Could not import module "health_api".
WARNING:  WatchFiles detected changes in 'api/health_api.py'. Reloading...
ERROR:    Error loading ASGI app. Could not import module "health_api".
WARNING:  WatchFiles detected changes in 'api/health_api.py'. Reloading...
ERROR:    Error loading ASGI app. Could not import module "health_api".
WARNING:  WatchFiles detected changes in 'api/health_api.py'. Reloading...
ERROR:    Error loading ASGI app. Could not import module "health_api".
WARNING:  WatchFiles detected changes in 'api/health_api.py'. Reloading...
ERROR:    Error loading ASGI app. Could not import module "health_api".
WARNING:  WatchFiles detected changes in 'api/health_api.py'. Reloading...
ERROR:    Error loading ASGI app. Could not import module "health_api".
WARNING:  WatchFiles detected changes in 'api/health_api.py'. Reloading...
ERROR:    Error loading ASGI app. Could not import module "health_api".
WARNING:  WatchFiles detected changes in 'api/health_api.py'. Reloading...
ERROR:    Error loading ASGI app. Could not import module "health_api".
WARNING:  WatchFiles detected changes in 'api/health_api.py'. Reloading...
ERROR:    Error loading ASGI app. Could not import module "health_api".
WARNING:  WatchFiles detected changes in 'api/health_api.py'. Reloading...
ERROR:    Error loading ASGI app. Could not import module "health_api".
WARNING:  WatchFiles detected changes in 'api/health_api.py'. Reloading...
ERROR:    Error loading ASGI app. Could not import module "health_api".
WARNING:  WatchFiles detected changes in 'api/health_api.py'. Reloading...
ERROR:    Error loading ASGI app. Could not import module "health_api".
WARNING:  WatchFiles detected changes in 'api/health_api.py'. Reloading...
ERROR:    Error loading ASGI app. Could not import module "health_api".
WARNING:  WatchFiles detected changes in 'api/health_api.py'. Reloading...
ERROR:    Error loading ASGI app. Could not import module "health_api".
WARNING:  WatchFiles detected changes in 'api/health_api.py'. Reloading...
ERROR:    Error loading ASGI app. Could not import module "health_api".
WARNING:  WatchFiles detected changes in 'api/health_api.py'. Reloading...
ERROR:    Error loading ASGI app. Could not import module "health_api".
WARNING:  WatchFiles detected changes in 'api/health_api.py'. Reloading...
ERROR:    Error loading ASGI app. Could not import module "health_api".
WARNING:  WatchFiles detected changes in 'api/health_api.py'. Reloading...
ERROR:    Error loading ASGI app. Could not import module "health_api".
WARNING:  WatchFiles detected changes in 'api/health_api.py'. Reloading...
ERROR:    Error loading ASGI app. Could not import module "health_api".
WARNING:  WatchFiles detected changes in 'api/health_api.py'. Reloading...
ERROR:    Error loading ASGI app. Could not import module "health_api".
WARNING:  WatchFiles detected changes in 'api/health_api.py'. Reloading...
ERROR:    Error loading ASGI app. Could not import module "health_api".
WARNING:  WatchFiles detected changes in 'api/health_api.py'. Reloading...
ERROR:    Error loading ASGI app. Could not import module "health_api".
WARNING:  WatchFiles detected changes in 'api/health_api.py'. Reloading...
ERROR:    Error loading ASGI app. Could not import module "health_api".
WARNING:  WatchFiles detected changes in 'api/health_api.py'. Reloading...
ERROR:    Error loading ASGI app. Could not import module "health_api".
WARNING:  WatchFiles detected changes in 'api/health_api.py'. Reloading...
ERROR:    Error loading ASGI app. Could not import module "health_api".
WARNING:  WatchFiles detected changes in 'api/health_api.py'. Reloading...
ERROR:    Error loading ASGI app. Could not import module "health_api".
WARNING:  WatchFiles detected changes in 'api/health_api.py'. Reloading...
ERROR:    Error loading ASGI app. Could not import module "health_api".
WARNING:  WatchFiles detected changes in 'api/health_api.py'. Reloading...
ERROR:    Error loading ASGI app. Could not import module "health_api".
WARNING:  WatchFiles detected changes in 'api/health_api.py'. Reloading...
ERROR:    Error loading ASGI app. Could not import module "health_api".
WARNING:  WatchFiles detected changes in 'api/health_api.py'. Reloading...
ERROR:    Error loading ASGI app. Could not import module "health_api".
WARNING:  WatchFiles detected changes in 'api/health_api.py'. Reloading...
ERROR:    Error loading ASGI app. Could not import module "health_api".
WARNING:  WatchFiles detected changes in 'api/health_api.py'. Reloading...
ERROR:    Error loading ASGI app. Could not import module "health_api".
WARNING:  WatchFiles detected changes in 'api/health_api.py'. Reloading...
ERROR:    Error loading ASGI app. Could not import module "health_api".
WARNING:  WatchFiles detected changes in 'api/health_api.py'. Reloading...
ERROR:    Error loading ASGI app. Could not import module "health_api".
WARNING:  WatchFiles detected changes in 'api/health_api.py'. Reloading...
ERROR:    Error loading ASGI app. Could not import module "health_api".
WARNING:  WatchFiles detected changes in 'api/health_api.py'. Reloading...
ERROR:    Error loading ASGI app. Could not import module "health_api".
WARNING:  WatchFiles detected changes in 'api/health_api.py'. Reloading...
ERROR:    Error loading ASGI app. Could not import module "health_api".
WARNING:  WatchFiles detected changes in 'api/health_api.py'. Reloading...
ERROR:    Error loading ASGI app. Could not import module "health_api".
WARNING:  WatchFiles detected changes in 'api/health_api.py'. Reloading...
ERROR:    Error loading ASGI app. Could not import module "health_api".
WARNING:  WatchFiles detected changes in 'api/health_api.py'. Reloading...
ERROR:    Error loading ASGI app. Could not import module "health_api".
WARNING:  WatchFiles detected changes in 'api/health_api.py'. Reloading...
ERROR:    Error loading ASGI app. Could not import module "health_api".
WARNING:  WatchFiles detected changes in 'api/health_api.py'. Reloading...
ERROR:    Error loading ASGI app. Could not import module "health_api".
WARNING:  WatchFiles detected changes in 'api/health_api.py'. Reloading...
ERROR:    Error loading ASGI app. Could not import module "health_api".
WARNING:  WatchFiles detected changes in 'api/health_api.py'. Reloading...
ERROR:    Error loading ASGI app. Could not import module "health_api".
WARNING:  WatchFiles detected changes in 'api/health_api.py'. Reloading...
ERROR:    Error loading ASGI app. Could not import module "health_api".
WARNING:  WatchFiles detected changes in 'api/health_api.py'. Reloading...
ERROR:    Error loading ASGI app. Could not import module "health_api".
WARNING:  WatchFiles detected changes in 'api/health_api.py'. Reloading...
ERROR:    Error loading ASGI app. Could not import module "health_api".
WARNING:  WatchFiles detected changes in 'api/health_api.py'. Reloading...
ERROR:    Error loading ASGI app. Could not import module "health_api".
WARNING:  WatchFiles detected changes in 'api/health_api.py'. Reloading...
ERROR:    Error loading ASGI app. Could not import module "health_api".
WARNING:  WatchFiles detected changes in 'api/health_api.py'. Reloading...
ERROR:    Error loading ASGI app. Could not import module "health_api".
WARNING:  WatchFiles detected changes in 'api/health_api.py'. Reloading...
ERROR:    Error loading ASGI app. Could not import module "health_api".
WARNING:  WatchFiles detected changes in 'api/health_api.py'. Reloading...
ERROR:    Error loading ASGI app. Could not import module "health_api".
WARNING:  WatchFiles detected changes in 'api/health_api.py'. Reloading...
ERROR:    Error loading ASGI app. Could not import module "health_api".
WARNING:  WatchFiles detected changes in 'api/health_api.py'. Reloading...
ERROR:    Error loading ASGI app. Could not import module "health_api".
WARNING:  WatchFiles detected changes in 'api/health_api.py'. Reloading...
ERROR:    Error loading ASGI app. Could not import module "health_api".
WARNING:  WatchFiles detected changes in 'api/health_api.py'. Reloading...
ERROR:    Error loading ASGI app. Could not import module "health_api".
WARNING:  WatchFiles detected changes in 'api/health_api.py'. Reloading...
ERROR:    Error loading ASGI app. Could not import module "health_api".
WARNING:  WatchFiles detected changes in 'api/health_api.py'. Reloading...
ERROR:    Error loading ASGI app. Could not import module "health_api".
WARNING:  WatchFiles detected changes in 'api/health_api.py'. Reloading...
ERROR:    Error loading ASGI app. Could not import module "health_api".
WARNING:  WatchFiles detected changes in 'api/health_api.py'. Reloading...
ERROR:    Error loading ASGI app. Could not import module "health_api".
WARNING:  WatchFiles detected changes in 'api/health_api.py'. Reloading...
ERROR:    Error loading ASGI app. Could not import module "health_api".
WARNING:  WatchFiles detected changes in 'api/health_api.py'. Reloading...
ERROR:    Error loading ASGI app. Could not import module "health_api".
WARNING:  WatchFiles detected changes in 'api/health_api.py'. Reloading...
ERROR:    Error loading ASGI app. Could not import module "health_api".
WARNING:  WatchFiles detected changes in 'api/health_api.py'. Reloading...
ERROR:    Error loading ASGI app. Could not import module "health_api".
WARNING:  WatchFiles detected changes in 'api/health_api.py'. Reloading...
ERROR:    Error loading ASGI app. Could not import module "health_api".
WARNING:  WatchFiles detected changes in 'api/health_api.py'. Reloading...
ERROR:    Error loading ASGI app. Could not import module "health_api".
WARNING:  WatchFiles detected changes in 'api/health_api.py'. Reloading...
ERROR:    Error loading ASGI app. Could not import module "health_api".
WARNING:  WatchFiles detected changes in 'api/health_api.py'. Reloading...
ERROR:    Error loading ASGI app. Could not import module "health_api".
WARNING:  WatchFiles detected changes in 'api/health_api.py'. Reloading...
ERROR:    Error loading ASGI app. Could not import module "health_api".
WARNING:  WatchFiles detected changes in 'api/health_api.py'. Reloading...
ERROR:    Error loading ASGI app. Could not import module "health_api".
WARNING:  WatchFiles detected changes in 'api/health_api.py'. Reloading...
ERROR:    Error loading ASGI app. Could not import module "health_api".
WARNING:  WatchFiles detected changes in 'api/health_api.py'. Reloading...
ERROR:    Error loading ASGI app. Could not import module "health_api".
WARNING:  WatchFiles detected changes in 'api/health_api.py'. Reloading...
ERROR:    Error loading ASGI app. Could not import module "health_api".
WARNING:  WatchFiles detected changes in 'api/health_api.py'. Reloading...
ERROR:    Error loading ASGI app. Could not import module "health_api".
WARNING:  WatchFiles detected changes in 'api/health_api.py'. Reloading...
ERROR:    Error loading ASGI app. Could not import module "health_api".
WARNING:  WatchFiles detected changes in 'api/health_api.py'. Reloading...
ERROR:    Error loading ASGI app. Could not import module "health_api".
WARNING:  WatchFiles detected changes in 'api/health_api.py'. Reloading...
ERROR:    Error loading ASGI app. Could not import module "health_api".
WARNING:  WatchFiles detected changes in 'api/health_api.py'. Reloading...
ERROR:    Error loading ASGI app. Could not import module "health_api".
WARNING:  WatchFiles detected changes in 'api/health_api.py'. Reloading...
ERROR:    Error loading ASGI app. Could not import module "health_api".
WARNING:  WatchFiles detected changes in 'api/health_api.py'. Reloading...
ERROR:    Error loading ASGI app. Could not import module "health_api".
WARNING:  WatchFiles detected changes in 'api/health_api.py'. Reloading...
ERROR:    Error loading ASGI app. Could not import module "health_api".
WARNING:  WatchFiles detected changes in 'api/health_api.py'. Reloading...
ERROR:    Error loading ASGI app. Could not import module "health_api".
WARNING:  WatchFiles detected changes in 'api/health_api.py'. Reloading...
ERROR:    Error loading ASGI app. Could not import module "health_api".
WARNING:  WatchFiles detected changes in 'api/health_api.py'. Reloading...
ERROR:    Error loading ASGI app. Could not import module "health_api".
WARNING:  WatchFiles detected changes in 'api/health_api.py'. Reloading...
ERROR:    Error loading ASGI app. Could not import module "health_api".
WARNING:  WatchFiles detected changes in 'api/health_api.py'. Reloading...
ERROR:    Error loading ASGI app. Could not import module "health_api".
WARNING:  WatchFiles detected changes in 'api/health_api.py'. Reloading...
ERROR:    Error loading ASGI app. Could not import module "health_api".
WARNING:  WatchFiles detected changes in 'api/health_api.py'. Reloading...
ERROR:    Error loading ASGI app. Could not import module "health_api".
WARNING:  WatchFiles detected changes in 'api/health_api.py'. Reloading...
ERROR:    Error loading ASGI app. Could not import module "health_api".
WARNING:  WatchFiles detected changes in 'api/health_api.py'. Reloading...
ERROR:    Error loading ASGI app. Could not import module "health_api".
WARNING:  WatchFiles detected changes in 'api/health_api.py'. Reloading...
ERROR:    Error loading ASGI app. Could not import module "health_api".
WARNING:  WatchFiles detected changes in 'api/health_api.py'. Reloading...
ERROR:    Error loading ASGI app. Could not import module "health_api".
WARNING:  WatchFiles detected changes in 'api/health_api.py'. Reloading...
ERROR:    Error loading ASGI app. Could not import module "health_api".
WARNING:  WatchFiles detected changes in 'api/health_api.py'. Reloading...
ERROR:    Error loading ASGI app. Could not import module "health_api".
WARNING:  WatchFiles detected changes in 'api/health_api.py'. Reloading...
ERROR:    Error loading ASGI app. Could not import module "health_api".
WARNING:  WatchFiles detected changes in 'api/health_api.py'. Reloading...
ERROR:    Error loading ASGI app. Could not import module "health_api".
WARNING:  WatchFiles detected changes in 'api/health_api.py'. Reloading...
ERROR:    Error loading ASGI app. Could not import module "health_api".
WARNING:  WatchFiles detected changes in 'api/health_api.py'. Reloading...
ERROR:    Error loading ASGI app. Could not import module "health_api".
WARNING:  WatchFiles detected changes in 'api/health_api.py'. Reloading...
ERROR:    Error loading ASGI app. Could not import module "health_api".
WARNING:  WatchFiles detected changes in 'api/health_api.py'. Reloading...
ERROR:    Error loading ASGI app. Could not import module "health_api".
WARNING:  WatchFiles detected changes in 'api/health_api.py'. Reloading...
ERROR:    Error loading ASGI app. Could not import module "health_api".
WARNING:  WatchFiles detected changes in 'api/health_api.py'. Reloading...
ERROR:    Error loading ASGI app. Could not import module "health_api".
WARNING:  WatchFiles detected changes in 'api/health_api.py'. Reloading...
ERROR:    Error loading ASGI app. Could not import module "health_api".
WARNING:  WatchFiles detected changes in 'api/health_api.py'. Reloading...
ERROR:    Error loading ASGI app. Could not import module "health_api".
WARNING:  WatchFiles detected changes in 'api/health_api.py'. Reloading...
ERROR:    Error loading ASGI app. Could not import module "health_api".
WARNING:  WatchFiles detected changes in 'api/health_api.py'. Reloading...
ERROR:    Error loading ASGI app. Could not import module "health_api".
WARNING:  WatchFiles detected changes in 'api/health_api.py'. Reloading...
ERROR:    Error loading ASGI app. Could not import module "health_api".
WARNING:  WatchFiles detected changes in 'api/health_api.py'. Reloading...
ERROR:    Error loading ASGI app. Could not import module "health_api".
WARNING:  WatchFiles detected changes in 'api/health_api.py'. Reloading...
ERROR:    Error loading ASGI app. Could not import module "health_api".
WARNING:  WatchFiles detected changes in 'api/health_api.py'. Reloading...
ERROR:    Error loading ASGI app. Could not import module "health_api".
WARNING:  WatchFiles detected changes in 'api/health_api.py'. Reloading...
ERROR:    Error loading ASGI app. Could not import module "health_api".
WARNING:  WatchFiles detected changes in 'api/health_api.py'. Reloading...
ERROR:    Error loading ASGI app. Could not import module "health_api".
WARNING:  WatchFiles detected changes in 'api/health_api.py'. Reloading...
ERROR:    Error loading ASGI app. Could not import module "health_api".
WARNING:  WatchFiles detected changes in 'api/health_api.py'. Reloading...
WARNING:  WatchFiles detected changes in 'api/health_api.py'. Reloading...
ERROR:    Error loading ASGI app. Could not import module "health_api".
WARNING:  WatchFiles detected changes in 'api/health_api.py'. Reloading...
ERROR:    Error loading ASGI app. Could not import module "health_api".
WARNING:  WatchFiles detected changes in 'api/health_api.py'. Reloading...
ERROR:    Error loading ASGI app. Could not import module "health_api".
WARNING:  WatchFiles detected changes in 'api/health_api.py'. Reloading...
ERROR:    Error loading ASGI app. Could not import module "health_api".
